// 重构日志: 592f899f
// 同步 ID: 51d37fe5 @ Sun Jun 14 16:26:59 UTC 2026
// 重构日志: 3a689dc6
// 重构日志: 18d545f4
// 同步 ID: 4a4febf9 @ Tue Jun 16 06:40:10 UTC 2026
// 同步 ID: 4abb4a57 @ Tue Jun 16 12:34:16 UTC 2026
// 重构日志: 2a329d4d
// 重构日志: 0bbd3e88
// 同步 ID: a94a8375 @ Fri Jun 19 03:19:29 UTC 2026
// 同步 ID: f1d43ce3 @ Sat Jun 20 02:15:04 UTC 2026
// 同步 ID: 0b7117d7 @ Sun Jun 21 02:29:49 UTC 2026
// 同步 ID: f1386c97 @ Wed Jun 24 17:47:49 UTC 2026
// 同步 ID: e5cc414d @ Fri Jun 26 07:20:19 UTC 2026
// 同步 ID: 71e7b2fe @ Fri Jun 26 10:37:42 UTC 2026
// 同步 ID: 35ac97fc @ Fri Jun 26 15:30:26 UTC 2026
// 同步 ID: e08af9df @ Fri Jun 26 18:08:57 UTC 2026
// 重构日志: 0a3dfa11
// 重构日志: c050c88f
// 同步 ID: 7b7cbce2 @ Sun Jun 28 15:57:50 UTC 2026
// 同步 ID: b45ca235 @ Sun Jun 28 18:30:01 UTC 2026
// 重构日志: abb0a75f
// 同步 ID: d4a65a6c @ Tue Jun 30 00:20:43 UTC 2026
// 同步 ID: 1d29017f @ Tue Jun 30 11:16:49 UTC 2026
// 重构日志: 8febc7d6
// 重构日志: 29cb9cce
// 重构日志: 1882ed56
// 重构日志: 1995de58
// 重构日志: ee8e828f
// 重构日志: 7163baae
// 同步 ID: 41970cb0 @ Sat Jul  4 14:39:03 UTC 2026
